{
  "timestamp": 1752266246.0804412,
  "duration": 12.008354663848877,
  "overall_status": "FAILED",
  "results": {
    "integration_tests": {
      "status": "FAILED",
      "return_code": 1,
      "stdout": "",
      "stderr": "Traceback (most recent call last):\n  File \"C:\\Users\\kevin\\Documents\\augment-projects\\sql corrector\\tests\\test_framework.py\", line 12, in <module>\n    import pytest\nModuleNotFoundError: No module named 'pytest'\n"
    }
  }
}